生成启动时间为 2016/10/17 19:47:44。
     1>项目“D:\working\openSource\p2p_src\UDP-NAT\P2PServer\P2PServer.vcxproj”在节点 2 上(build 个目标)。
     1>InitializeBuildStatus:
         正在对“.\Debug\P2PServer.unsuccessfulbuild”执行 Touch 任务。
       ClCompile:
         d:\Program Files (x86)\Microsoft Visual Studio 10.0\VC\bin\CL.exe /c /ZI /nologo /W3 /WX- /Od /Oy- /D WIN32 /D _DEBUG /D _CONSOLE /D _VC80_UPGRADE=0x0600 /D _MBCS /Gm /EHsc /RTC1 /MTd /GS /Gy- /fp:precise /Zc:wchar_t /Zc:forScope /Fo".\Debug\\" /Fd".\Debug\vc100.pdb" /Gd /TP /analyze- /errorReport:prompt P2PServer.cpp
         P2PServer.cpp
     1>d:\working\opensource\p2p_src\udp-nat\exception.h(46): warning C4996: 'strncpy': This function or variable may be unsafe. Consider using strncpy_s instead. To disable deprecation, use _CRT_SECURE_NO_WARNINGS. See online help for details.
                 d:\program files (x86)\microsoft visual studio 10.0\vc\include\string.h(188) : 参见“strncpy”的声明
     1>d:\working\opensource\p2p_src\udp-nat\p2pserver\p2pserver.cpp(184): warning C4996: 'strcpy': This function or variable may be unsafe. Consider using strcpy_s instead. To disable deprecation, use _CRT_SECURE_NO_WARNINGS. See online help for details.
                 d:\program files (x86)\microsoft visual studio 10.0\vc\include\string.h(105) : 参见“strcpy”的声明
       ManifestResourceCompile:
         所有输出均为最新。
       Link:
         d:\Program Files (x86)\Microsoft Visual Studio 10.0\VC\bin\link.exe /ERRORREPORT:PROMPT /OUT:".\Debug\P2PServer.exe" /INCREMENTAL /NOLOGO odbc32.lib odbccp32.lib kernel32.lib user32.lib gdi32.lib winspool.lib comdlg32.lib advapi32.lib shell32.lib ole32.lib oleaut32.lib uuid.lib odbc32.lib odbccp32.lib /MANIFEST /ManifestFile:".\Debug\P2PServer.exe.intermediate.manifest" /MANIFESTUAC:"level='asInvoker' uiAccess='false'" /DEBUG /PDB:"D:\working\openSource\p2p_src\UDP-NAT\P2PServer\Debug\P2PServer.pdb" /SUBSYSTEM:CONSOLE /TLBID:1 /DYNAMICBASE /NXCOMPAT /IMPLIB:".\Debug\P2PServer.lib" /MACHINE:X86 .\Debug\P2PServer.exe.embed.manifest.res
         .\Debug\P2PServer.obj
       Manifest:
         C:\Program Files (x86)\Microsoft SDKs\Windows\v7.0A\bin\mt.exe /nologo /verbose /out:".\Debug\P2PServer.exe.embed.manifest" /manifest .\Debug\P2PServer.exe.intermediate.manifest
         所有输出均为最新。
       LinkEmbedManifest:
         所有输出均为最新。
         P2PServer.vcxproj -> D:\working\openSource\p2p_src\UDP-NAT\P2PServer\.\Debug\P2PServer.exe
       FinalizeBuildStatus:
         正在删除文件“.\Debug\P2PServer.unsuccessfulbuild”。
         正在对“.\Debug\P2PServer.lastbuildstate”执行 Touch 任务。
     1>已完成生成项目“D:\working\openSource\p2p_src\UDP-NAT\P2PServer\P2PServer.vcxproj”(build 个目标)的操作。

生成成功。

已用时间 00:00:01.60
